# JRE version: OpenJDK Runtime Environment Temurin-21.0.5+11 (21.0.5+11) (build 21.0.5+11-LTS)
# Java VM: OpenJDK 64-Bit Server VM Temurin-21.0.5+11 (21.0.5+11-LTS, mixed mode, sharing, tiered, compressed oops, compressed class ptrs, parallel gc, windows-amd64)
GC Precious Log:
 CardTable entry size: 512
 CPUs: 16 total, 16 available
 Memory: 16110M
 Large Page Support: Disabled
 NUMA Support: Disabled
 Compressed Oops: Enabled (32-bit)
 Alignments: Space 512K, Generation 512K, Heap 2M
 Heap Min Capacity: 100M
 Heap Initial Capacity: 100M
 Heap Max Capacity: 1G
 Pre-touch: Disabled
 Parallel Workers: 13
Heap:
 PSYoungGen      total 18944K, used 7164K [0x00000000eab00000, 0x00000000ec080000, 0x0000000100000000)
  eden space 17920K, 34% used [0x00000000eab00000,0x00000000eb100f98,0x00000000ebc80000)
  from space 1024K, 99% used [0x00000000ebd00000,0x00000000ebdfe3b8,0x00000000ebe00000)
  to   space 2048K, 0% used [0x00000000ebe80000,0x00000000ebe80000,0x00000000ec080000)
 ParOldGen       total 68608K, used 39960K [0x00000000c0000000, 0x00000000c4300000, 0x00000000eab00000)
  object space 68608K, 58% used [0x00000000c0000000,0x00000000c27060b8,0x00000000c4300000)
 Metaspace       used 61499K, committed 62848K, reserved 1114112K
  class space    used 7538K, committed 8128K, reserved 1048576K
GC Heap History (20 events):
Event: 17.629 GC heap before
{Heap before GC invocations=27 (full 2):
 PSYoungGen      total 18944K, used 18656K [0x00000000eab00000, 0x00000000ec100000, 0x0000000100000000)
  eden space 17920K, 100% used [0x00000000eab00000,0x00000000ebc80000,0x00000000ebc80000)
  from space 1024K, 71% used [0x00000000ec000000,0x00000000ec0b8000,0x00000000ec100000)
  to   space 1536K, 0% used [0x00000000ebe00000,0x00000000ebe00000,0x00000000ebf80000)
 ParOldGen       total 68608K, used 37613K [0x00000000c0000000, 0x00000000c4300000, 0x00000000eab00000)
  object space 68608K, 54% used [0x00000000c0000000,0x00000000c24bb748,0x00000000c4300000)
 Metaspace       used 53719K, committed 55040K, reserved 1114112K
  class space    used 6216K, committed 6784K, reserved 1048576K
}
Event: 17.631 GC heap after
{Heap after GC invocations=27 (full 2):
 PSYoungGen      total 19456K, used 1088K [0x00000000eab00000, 0x00000000ec080000, 0x0000000100000000)
  eden space 17920K, 0% used [0x00000000eab00000,0x00000000eab00000,0x00000000ebc80000)
  from space 1536K, 70% used [0x00000000ebe00000,0x00000000ebf10000,0x00000000ebf80000)
  to   space 1024K, 0% used [0x00000000ebf80000,0x00000000ebf80000,0x00000000ec080000)
 ParOldGen       total 68608K, used 38189K [0x00000000c0000000, 0x00000000c4300000, 0x00000000eab00000)
  object space 68608K, 55% used [0x00000000c0000000,0x00000000c254b468,0x00000000c4300000)
 Metaspace       used 53719K, committed 55040K, reserved 1114112K
  class space    used 6216K, committed 6784K, reserved 1048576K
}
Event: 17.989 GC heap before
{Heap before GC invocations=28 (full 2):
 PSYoungGen      total 19456K, used 19008K [0x00000000eab00000, 0x00000000ec080000, 0x0000000100000000)
  eden space 17920K, 100% used [0x00000000eab00000,0x00000000ebc80000,0x00000000ebc80000)
  from space 1536K, 70% used [0x00000000ebe00000,0x00000000ebf10000,0x00000000ebf80000)
  to   space 1024K, 0% used [0x00000000ebf80000,0x00000000ebf80000,0x00000000ec080000)
 ParOldGen       total 68608K, used 38189K [0x00000000c0000000, 0x00000000c4300000, 0x00000000eab00000)
  object space 68608K, 55% used [0x00000000c0000000,0x00000000c254b468,0x00000000c4300000)
 Metaspace       used 55524K, committed 56832K, reserved 1114112K
  class space    used 6395K, committed 6976K, reserved 1048576K
}
Event: 17.991 GC heap after
{Heap after GC invocations=28 (full 2):
 PSYoungGen      total 18944K, used 992K [0x00000000eab00000, 0x00000000ec080000, 0x0000000100000000)
  eden space 17920K, 0% used [0x00000000eab00000,0x00000000eab00000,0x00000000ebc80000)
  from space 1024K, 96% used [0x00000000ebf80000,0x00000000ec078010,0x00000000ec080000)
  to   space 1536K, 0% used [0x00000000ebd80000,0x00000000ebd80000,0x00000000ebf00000)
 ParOldGen       total 68608K, used 38965K [0x00000000c0000000, 0x00000000c4300000, 0x00000000eab00000)
  object space 68608K, 56% used [0x00000000c0000000,0x00000000c260d488,0x00000000c4300000)
 Metaspace       used 55524K, committed 56832K, reserved 1114112K
  class space    used 6395K, committed 6976K, reserved 1048576K
}
Event: 18.332 GC heap before
{Heap before GC invocations=29 (full 2):
 PSYoungGen      total 18944K, used 18912K [0x00000000eab00000, 0x00000000ec080000, 0x0000000100000000)
  eden space 17920K, 100% used [0x00000000eab00000,0x00000000ebc80000,0x00000000ebc80000)
  from space 1024K, 96% used [0x00000000ebf80000,0x00000000ec078010,0x00000000ec080000)
  to   space 1536K, 0% used [0x00000000ebd80000,0x00000000ebd80000,0x00000000ebf00000)
 ParOldGen       total 68608K, used 38965K [0x00000000c0000000, 0x00000000c4300000, 0x00000000eab00000)
  object space 68608K, 56% used [0x00000000c0000000,0x00000000c260d488,0x00000000c4300000)
 Metaspace       used 56322K, committed 57664K, reserved 1114112K
  class space    used 6512K, committed 7104K, reserved 1048576K
}
Event: 18.334 GC heap after
{Heap after GC invocations=29 (full 2):
 PSYoungGen      total 19456K, used 623K [0x00000000eab00000, 0x00000000ec000000, 0x0000000100000000)
  eden space 17920K, 0% used [0x00000000eab00000,0x00000000eab00000,0x00000000ebc80000)
  from space 1536K, 40% used [0x00000000ebd80000,0x00000000ebe1bdf0,0x00000000ebf00000)
  to   space 1024K, 0% used [0x00000000ebf00000,0x00000000ebf00000,0x00000000ec000000)
 ParOldGen       total 68608K, used 39687K [0x00000000c0000000, 0x00000000c4300000, 0x00000000eab00000)
  object space 68608K, 57% used [0x00000000c0000000,0x00000000c26c1d18,0x00000000c4300000)
 Metaspace       used 56322K, committed 57664K, reserved 1114112K
  class space    used 6512K, committed 7104K, reserved 1048576K
}
Event: 18.492 GC heap before
{Heap before GC invocations=30 (full 2):
 PSYoungGen      total 19456K, used 18543K [0x00000000eab00000, 0x00000000ec000000, 0x0000000100000000)
  eden space 17920K, 100% used [0x00000000eab00000,0x00000000ebc80000,0x00000000ebc80000)
  from space 1536K, 40% used [0x00000000ebd80000,0x00000000ebe1bdf0,0x00000000ebf00000)
  to   space 1024K, 0% used [0x00000000ebf00000,0x00000000ebf00000,0x00000000ec000000)
 ParOldGen       total 68608K, used 39687K [0x00000000c0000000, 0x00000000c4300000, 0x00000000eab00000)
  object space 68608K, 57% used [0x00000000c0000000,0x00000000c26c1d18,0x00000000c4300000)
 Metaspace       used 57526K, committed 58880K, reserved 1114112K
  class space    used 6718K, committed 7296K, reserved 1048576K
}
Event: 18.493 GC heap after
{Heap after GC invocations=30 (full 2):
 PSYoungGen      total 18944K, used 1021K [0x00000000eab00000, 0x00000000ec000000, 0x0000000100000000)
  eden space 17920K, 0% used [0x00000000eab00000,0x00000000eab00000,0x00000000ebc80000)
  from space 1024K, 99% used [0x00000000ebf00000,0x00000000ebfff560,0x00000000ec000000)
  to   space 1536K, 0% used [0x00000000ebd00000,0x00000000ebd00000,0x00000000ebe80000)
 ParOldGen       total 68608K, used 40141K [0x00000000c0000000, 0x00000000c4300000, 0x00000000eab00000)
  object space 68608K, 58% used [0x00000000c0000000,0x00000000c2733530,0x00000000c4300000)
 Metaspace       used 57526K, committed 58880K, reserved 1114112K
  class space    used 6718K, committed 7296K, reserved 1048576K
}
Event: 18.600 GC heap before
{Heap before GC invocations=31 (full 2):
 PSYoungGen      total 18944K, used 13122K [0x00000000eab00000, 0x00000000ec000000, 0x0000000100000000)
  eden space 17920K, 67% used [0x00000000eab00000,0x00000000eb6d13b0,0x00000000ebc80000)
  from space 1024K, 99% used [0x00000000ebf00000,0x00000000ebfff560,0x00000000ec000000)
  to   space 1536K, 0% used [0x00000000ebd00000,0x00000000ebd00000,0x00000000ebe80000)
 ParOldGen       total 68608K, used 40141K [0x00000000c0000000, 0x00000000c4300000, 0x00000000eab00000)
  object space 68608K, 58% used [0x00000000c0000000,0x00000000c2733530,0x00000000c4300000)
 Metaspace       used 58403K, committed 59776K, reserved 1114112K
  class space    used 6887K, committed 7488K, reserved 1048576K
}
Event: 18.601 GC heap after
{Heap after GC invocations=31 (full 2):
 PSYoungGen      total 19456K, used 454K [0x00000000eab00000, 0x00000000ebf80000, 0x0000000100000000)
  eden space 17920K, 0% used [0x00000000eab00000,0x00000000eab00000,0x00000000ebc80000)
  from space 1536K, 29% used [0x00000000ebd00000,0x00000000ebd71a00,0x00000000ebe80000)
  to   space 1024K, 0% used [0x00000000ebe80000,0x00000000ebe80000,0x00000000ebf80000)
 ParOldGen       total 68608K, used 40998K [0x00000000c0000000, 0x00000000c4300000, 0x00000000eab00000)
  object space 68608K, 59% used [0x00000000c0000000,0x00000000c2809ae8,0x00000000c4300000)
 Metaspace       used 58403K, committed 59776K, reserved 1114112K
  class space    used 6887K, committed 7488K, reserved 1048576K
}
Event: 18.601 GC heap before
{Heap before GC invocations=32 (full 3):
 PSYoungGen      total 19456K, used 454K [0x00000000eab00000, 0x00000000ebf80000, 0x0000000100000000)
  eden space 17920K, 0% used [0x00000000eab00000,0x00000000eab00000,0x00000000ebc80000)
  from space 1536K, 29% used [0x00000000ebd00000,0x00000000ebd71a00,0x00000000ebe80000)
  to   space 1024K, 0% used [0x00000000ebe80000,0x00000000ebe80000,0x00000000ebf80000)
 ParOldGen       total 68608K, used 40998K [0x00000000c0000000, 0x00000000c4300000, 0x00000000eab00000)
  object space 68608K, 59% used [0x00000000c0000000,0x00000000c2809ae8,0x00000000c4300000)
 Metaspace       used 58403K, committed 59776K, reserved 1114112K
  class space    used 6887K, committed 7488K, reserved 1048576K
}
Event: 18.640 GC heap after
{Heap after GC invocations=32 (full 3):
 PSYoungGen      total 19456K, used 0K [0x00000000eab00000, 0x00000000ebf80000, 0x0000000100000000)
  eden space 17920K, 0% used [0x00000000eab00000,0x00000000eab00000,0x00000000ebc80000)
  from space 1536K, 0% used [0x00000000ebd00000,0x00000000ebd00000,0x00000000ebe80000)
  to   space 1024K, 0% used [0x00000000ebe80000,0x00000000ebe80000,0x00000000ebf80000)
 ParOldGen       total 68608K, used 39095K [0x00000000c0000000, 0x00000000c4300000, 0x00000000eab00000)
  object space 68608K, 56% used [0x00000000c0000000,0x00000000c262dc70,0x00000000c4300000)
 Metaspace       used 58403K, committed 59776K, reserved 1114112K
  class space    used 6887K, committed 7488K, reserved 1048576K
}
Event: 19.814 GC heap before
{Heap before GC invocations=33 (full 3):
 PSYoungGen      total 19456K, used 17920K [0x00000000eab00000, 0x00000000ebf80000, 0x0000000100000000)
  eden space 17920K, 100% used [0x00000000eab00000,0x00000000ebc80000,0x00000000ebc80000)
  from space 1536K, 0% used [0x00000000ebd00000,0x00000000ebd00000,0x00000000ebe80000)
  to   space 1024K, 0% used [0x00000000ebe80000,0x00000000ebe80000,0x00000000ebf80000)
 ParOldGen       total 68608K, used 39095K [0x00000000c0000000, 0x00000000c4300000, 0x00000000eab00000)
  object space 68608K, 56% used [0x00000000c0000000,0x00000000c262dc70,0x00000000c4300000)
 Metaspace       used 59505K, committed 60800K, reserved 1114112K
  class space    used 7143K, committed 7680K, reserved 1048576K
}
Event: 19.814 GC heap after
{Heap after GC invocations=33 (full 3):
 PSYoungGen      total 18944K, used 544K [0x00000000eab00000, 0x00000000ebf80000, 0x0000000100000000)
  eden space 17920K, 0% used [0x00000000eab00000,0x00000000eab00000,0x00000000ebc80000)
  from space 1024K, 53% used [0x00000000ebe80000,0x00000000ebf08000,0x00000000ebf80000)
  to   space 1024K, 0% used [0x00000000ebd80000,0x00000000ebd80000,0x00000000ebe80000)
 ParOldGen       total 68608K, used 39095K [0x00000000c0000000, 0x00000000c4300000, 0x00000000eab00000)
  object space 68608K, 56% used [0x00000000c0000000,0x00000000c262dc70,0x00000000c4300000)
 Metaspace       used 59505K, committed 60800K, reserved 1114112K
  class space    used 7143K, committed 7680K, reserved 1048576K
}
Event: 19.942 GC heap before
{Heap before GC invocations=34 (full 3):
 PSYoungGen      total 18944K, used 18464K [0x00000000eab00000, 0x00000000ebf80000, 0x0000000100000000)
  eden space 17920K, 100% used [0x00000000eab00000,0x00000000ebc80000,0x00000000ebc80000)
  from space 1024K, 53% used [0x00000000ebe80000,0x00000000ebf08000,0x00000000ebf80000)
  to   space 1024K, 0% used [0x00000000ebd80000,0x00000000ebd80000,0x00000000ebe80000)
 ParOldGen       total 68608K, used 39095K [0x00000000c0000000, 0x00000000c4300000, 0x00000000eab00000)
  object space 68608K, 56% used [0x00000000c0000000,0x00000000c262dc70,0x00000000c4300000)
 Metaspace       used 60328K, committed 61632K, reserved 1114112K
  class space    used 7338K, committed 7872K, reserved 1048576K
}
Event: 19.943 GC heap after
{Heap after GC invocations=34 (full 3):
 PSYoungGen      total 18944K, used 618K [0x00000000eab00000, 0x00000000ebf00000, 0x0000000100000000)
  eden space 17920K, 0% used [0x00000000eab00000,0x00000000eab00000,0x00000000ebc80000)
  from space 1024K, 60% used [0x00000000ebd80000,0x00000000ebe1aa50,0x00000000ebe80000)
  to   space 512K, 0% used [0x00000000ebe80000,0x00000000ebe80000,0x00000000ebf00000)
 ParOldGen       total 68608K, used 39390K [0x00000000c0000000, 0x00000000c4300000, 0x00000000eab00000)
  object space 68608K, 57% used [0x00000000c0000000,0x00000000c26779e8,0x00000000c4300000)
 Metaspace       used 60328K, committed 61632K, reserved 1114112K
  class space    used 7338K, committed 7872K, reserved 1048576K
}
Event: 20.059 GC heap before
{Heap before GC invocations=35 (full 3):
 PSYoungGen      total 18944K, used 18538K [0x00000000eab00000, 0x00000000ebf00000, 0x0000000100000000)
  eden space 17920K, 100% used [0x00000000eab00000,0x00000000ebc80000,0x00000000ebc80000)
  from space 1024K, 60% used [0x00000000ebd80000,0x00000000ebe1aa50,0x00000000ebe80000)
  to   space 512K, 0% used [0x00000000ebe80000,0x00000000ebe80000,0x00000000ebf00000)
 ParOldGen       total 68608K, used 39390K [0x00000000c0000000, 0x00000000c4300000, 0x00000000eab00000)
  object space 68608K, 57% used [0x00000000c0000000,0x00000000c26779e8,0x00000000c4300000)
 Metaspace       used 61470K, committed 62848K, reserved 1114112K
  class space    used 7534K, committed 8128K, reserved 1048576K
}
Event: 20.060 GC heap after
{Heap after GC invocations=35 (full 3):
 PSYoungGen      total 18432K, used 512K [0x00000000eab00000, 0x00000000ebf00000, 0x0000000100000000)
  eden space 17920K, 0% used [0x00000000eab00000,0x00000000eab00000,0x00000000ebc80000)
  from space 512K, 100% used [0x00000000ebe80000,0x00000000ebf00000,0x00000000ebf00000)
  to   space 1024K, 0% used [0x00000000ebd00000,0x00000000ebd00000,0x00000000ebe00000)
 ParOldGen       total 68608K, used 39558K [0x00000000c0000000, 0x00000000c4300000, 0x00000000eab00000)
  object space 68608K, 57% used [0x00000000c0000000,0x00000000c26a19e8,0x00000000c4300000)
 Metaspace       used 61470K, committed 62848K, reserved 1114112K
  class space    used 7534K, committed 8128K, reserved 1048576K
}
Event: 20.178 GC heap before
{Heap before GC invocations=36 (full 3):
 PSYoungGen      total 18432K, used 18432K [0x00000000eab00000, 0x00000000ebf00000, 0x0000000100000000)
  eden space 17920K, 100% used [0x00000000eab00000,0x00000000ebc80000,0x00000000ebc80000)
  from space 512K, 100% used [0x00000000ebe80000,0x00000000ebf00000,0x00000000ebf00000)
  to   space 1024K, 0% used [0x00000000ebd00000,0x00000000ebd00000,0x00000000ebe00000)
 ParOldGen       total 68608K, used 39558K [0x00000000c0000000, 0x00000000c4300000, 0x00000000eab00000)
  object space 68608K, 57% used [0x00000000c0000000,0x00000000c26a19e8,0x00000000c4300000)
 Metaspace       used 61499K, committed 62848K, reserved 1114112K
  class space    used 7538K, committed 8128K, reserved 1048576K
}
Event: 21.148 GC heap after
{Heap after GC invocations=36 (full 3):
 PSYoungGen      total 18944K, used 1016K [0x00000000eab00000, 0x00000000ec080000, 0x0000000100000000)
  eden space 17920K, 0% used [0x00000000eab00000,0x00000000eab00000,0x00000000ebc80000)
  from space 1024K, 99% used [0x00000000ebd00000,0x00000000ebdfe3b8,0x00000000ebe00000)
  to   space 2048K, 0% used [0x00000000ebe80000,0x00000000ebe80000,0x00000000ec080000)
 ParOldGen       total 68608K, used 39960K [0x00000000c0000000, 0x00000000c4300000, 0x00000000eab00000)
  object space 68608K, 58% used [0x00000000c0000000,0x00000000c27060b8,0x00000000c4300000)
 Metaspace       used 61499K, committed 62848K, reserved 1114112K
  class space    used 7538K, committed 8128K, reserved 1048576K
}

