# JRE version: OpenJDK Runtime Environment Temurin-21.0.5+11 (21.0.5+11) (build 21.0.5+11-LTS)
# Java VM: OpenJDK 64-Bit Server VM Temurin-21.0.5+11 (21.0.5+11-LTS, mixed mode, sharing, tiered, compressed oops, compressed class ptrs, parallel gc, windows-amd64)
GC Precious Log:
 CardTable entry size: 512
 CPUs: 16 total, 16 available
 Memory: 16110M
 Large Page Support: Disabled
 NUMA Support: Disabled
 Compressed Oops: Enabled (32-bit)
 Alignments: Space 512K, Generation 512K, Heap 2M
 Heap Min Capacity: 100M
 Heap Initial Capacity: 100M
 Heap Max Capacity: 1G
 Pre-touch: Disabled
 Parallel Workers: 13
Heap:
 PSYoungGen      total 15872K, used 1252K [0x00000000eab00000, 0x00000000ebc00000, 0x0000000100000000)
  eden space 15360K, 5% used [0x00000000eab00000,0x00000000eabd1020,0x00000000eba00000)
  from space 512K, 81% used [0x00000000eba00000,0x00000000eba68000,0x00000000eba80000)
  to   space 1024K, 0% used [0x00000000ebb00000,0x00000000ebb00000,0x00000000ebc00000)
 ParOldGen       total 68608K, used 43595K [0x00000000c0000000, 0x00000000c4300000, 0x00000000eab00000)
  object space 68608K, 63% used [0x00000000c0000000,0x00000000c2a92f70,0x00000000c4300000)
 Metaspace       used 63707K, committed 65152K, reserved 1114112K
  class space    used 7818K, committed 8512K, reserved 1048576K
GC Heap History (20 events):
Event: 9.317 GC heap before
{Heap before GC invocations=42 (full 3):
 PSYoungGen      total 16896K, used 16893K [0x00000000eab00000, 0x00000000ebd80000, 0x0000000100000000)
  eden space 15872K, 100% used [0x00000000eab00000,0x00000000eba80000,0x00000000eba80000)
  from space 1024K, 99% used [0x00000000ebc00000,0x00000000ebcff418,0x00000000ebd00000)
  to   space 1536K, 0% used [0x00000000eba80000,0x00000000eba80000,0x00000000ebc00000)
 ParOldGen       total 68608K, used 39557K [0x00000000c0000000, 0x00000000c4300000, 0x00000000eab00000)
  object space 68608K, 57% used [0x00000000c0000000,0x00000000c26a1630,0x00000000c4300000)
 Metaspace       used 60792K, committed 62208K, reserved 1114112K
  class space    used 7447K, committed 8064K, reserved 1048576K
}
Event: 9.318 GC heap after
{Heap after GC invocations=42 (full 3):
 PSYoungGen      total 16384K, used 373K [0x00000000eab00000, 0x00000000ebc80000, 0x0000000100000000)
  eden space 15872K, 0% used [0x00000000eab00000,0x00000000eab00000,0x00000000eba80000)
  from space 512K, 72% used [0x00000000eba80000,0x00000000ebadd6b8,0x00000000ebb00000)
  to   space 1024K, 0% used [0x00000000ebb80000,0x00000000ebb80000,0x00000000ebc80000)
 ParOldGen       total 68608K, used 39621K [0x00000000c0000000, 0x00000000c4300000, 0x00000000eab00000)
  object space 68608K, 57% used [0x00000000c0000000,0x00000000c26b1630,0x00000000c4300000)
 Metaspace       used 60792K, committed 62208K, reserved 1114112K
  class space    used 7447K, committed 8064K, reserved 1048576K
}
Event: 9.477 GC heap before
{Heap before GC invocations=43 (full 3):
 PSYoungGen      total 16384K, used 16245K [0x00000000eab00000, 0x00000000ebc80000, 0x0000000100000000)
  eden space 15872K, 100% used [0x00000000eab00000,0x00000000eba80000,0x00000000eba80000)
  from space 512K, 72% used [0x00000000eba80000,0x00000000ebadd6b8,0x00000000ebb00000)
  to   space 1024K, 0% used [0x00000000ebb80000,0x00000000ebb80000,0x00000000ebc80000)
 ParOldGen       total 68608K, used 39621K [0x00000000c0000000, 0x00000000c4300000, 0x00000000eab00000)
  object space 68608K, 57% used [0x00000000c0000000,0x00000000c26b1630,0x00000000c4300000)
 Metaspace       used 60792K, committed 62208K, reserved 1114112K
  class space    used 7447K, committed 8064K, reserved 1048576K
}
Event: 9.479 GC heap after
{Heap after GC invocations=43 (full 3):
 PSYoungGen      total 16384K, used 481K [0x00000000eab00000, 0x00000000ebc00000, 0x0000000100000000)
  eden space 15872K, 0% used [0x00000000eab00000,0x00000000eab00000,0x00000000eba80000)
  from space 512K, 93% used [0x00000000ebb80000,0x00000000ebbf8460,0x00000000ebc00000)
  to   space 512K, 0% used [0x00000000eba80000,0x00000000eba80000,0x00000000ebb00000)
 ParOldGen       total 68608K, used 39912K [0x00000000c0000000, 0x00000000c4300000, 0x00000000eab00000)
  object space 68608K, 58% used [0x00000000c0000000,0x00000000c26fa358,0x00000000c4300000)
 Metaspace       used 60792K, committed 62208K, reserved 1114112K
  class space    used 7447K, committed 8064K, reserved 1048576K
}
Event: 9.630 GC heap before
{Heap before GC invocations=44 (full 3):
 PSYoungGen      total 16384K, used 16352K [0x00000000eab00000, 0x00000000ebc00000, 0x0000000100000000)
  eden space 15872K, 99% used [0x00000000eab00000,0x00000000eba7ff40,0x00000000eba80000)
  from space 512K, 93% used [0x00000000ebb80000,0x00000000ebbf8460,0x00000000ebc00000)
  to   space 512K, 0% used [0x00000000eba80000,0x00000000eba80000,0x00000000ebb00000)
 ParOldGen       total 68608K, used 39912K [0x00000000c0000000, 0x00000000c4300000, 0x00000000eab00000)
  object space 68608K, 58% used [0x00000000c0000000,0x00000000c26fa358,0x00000000c4300000)
 Metaspace       used 60792K, committed 62208K, reserved 1114112K
  class space    used 7447K, committed 8064K, reserved 1048576K
}
Event: 9.630 GC heap after
{Heap after GC invocations=44 (full 3):
 PSYoungGen      total 16384K, used 510K [0x00000000eab00000, 0x00000000ebd80000, 0x0000000100000000)
  eden space 15872K, 0% used [0x00000000eab00000,0x00000000eab00000,0x00000000eba80000)
  from space 512K, 99% used [0x00000000eba80000,0x00000000ebaffb10,0x00000000ebb00000)
  to   space 1536K, 0% used [0x00000000ebc00000,0x00000000ebc00000,0x00000000ebd80000)
 ParOldGen       total 68608K, used 40720K [0x00000000c0000000, 0x00000000c4300000, 0x00000000eab00000)
  object space 68608K, 59% used [0x00000000c0000000,0x00000000c27c4038,0x00000000c4300000)
 Metaspace       used 60792K, committed 62208K, reserved 1114112K
  class space    used 7447K, committed 8064K, reserved 1048576K
}
Event: 9.760 GC heap before
{Heap before GC invocations=45 (full 3):
 PSYoungGen      total 16384K, used 16382K [0x00000000eab00000, 0x00000000ebd80000, 0x0000000100000000)
  eden space 15872K, 99% used [0x00000000eab00000,0x00000000eba7fe98,0x00000000eba80000)
  from space 512K, 99% used [0x00000000eba80000,0x00000000ebaffb10,0x00000000ebb00000)
  to   space 1536K, 0% used [0x00000000ebc00000,0x00000000ebc00000,0x00000000ebd80000)
 ParOldGen       total 68608K, used 40720K [0x00000000c0000000, 0x00000000c4300000, 0x00000000eab00000)
  object space 68608K, 59% used [0x00000000c0000000,0x00000000c27c4038,0x00000000c4300000)
 Metaspace       used 60792K, committed 62208K, reserved 1114112K
  class space    used 7447K, committed 8064K, reserved 1048576K
}
Event: 9.761 GC heap after
{Heap after GC invocations=45 (full 3):
 PSYoungGen      total 16896K, used 758K [0x00000000eab00000, 0x00000000ebd00000, 0x0000000100000000)
  eden space 15872K, 0% used [0x00000000eab00000,0x00000000eab00000,0x00000000eba80000)
  from space 1024K, 74% used [0x00000000ebc00000,0x00000000ebcbdb18,0x00000000ebd00000)
  to   space 1024K, 0% used [0x00000000ebb00000,0x00000000ebb00000,0x00000000ebc00000)
 ParOldGen       total 68608K, used 40808K [0x00000000c0000000, 0x00000000c4300000, 0x00000000eab00000)
  object space 68608K, 59% used [0x00000000c0000000,0x00000000c27da038,0x00000000c4300000)
 Metaspace       used 60792K, committed 62208K, reserved 1114112K
  class space    used 7447K, committed 8064K, reserved 1048576K
}
Event: 9.880 GC heap before
{Heap before GC invocations=46 (full 3):
 PSYoungGen      total 16896K, used 16630K [0x00000000eab00000, 0x00000000ebd00000, 0x0000000100000000)
  eden space 15872K, 100% used [0x00000000eab00000,0x00000000eba80000,0x00000000eba80000)
  from space 1024K, 74% used [0x00000000ebc00000,0x00000000ebcbdb18,0x00000000ebd00000)
  to   space 1024K, 0% used [0x00000000ebb00000,0x00000000ebb00000,0x00000000ebc00000)
 ParOldGen       total 68608K, used 40808K [0x00000000c0000000, 0x00000000c4300000, 0x00000000eab00000)
  object space 68608K, 59% used [0x00000000c0000000,0x00000000c27da038,0x00000000c4300000)
 Metaspace       used 60792K, committed 62208K, reserved 1114112K
  class space    used 7447K, committed 8064K, reserved 1048576K
}
Event: 9.881 GC heap after
{Heap after GC invocations=46 (full 3):
 PSYoungGen      total 16896K, used 224K [0x00000000eab00000, 0x00000000ebc80000, 0x0000000100000000)
  eden space 15872K, 0% used [0x00000000eab00000,0x00000000eab00000,0x00000000eba80000)
  from space 1024K, 21% used [0x00000000ebb00000,0x00000000ebb38000,0x00000000ebc00000)
  to   space 512K, 0% used [0x00000000ebc00000,0x00000000ebc00000,0x00000000ebc80000)
 ParOldGen       total 68608K, used 41006K [0x00000000c0000000, 0x00000000c4300000, 0x00000000eab00000)
  object space 68608K, 59% used [0x00000000c0000000,0x00000000c280ba58,0x00000000c4300000)
 Metaspace       used 60792K, committed 62208K, reserved 1114112K
  class space    used 7447K, committed 8064K, reserved 1048576K
}
Event: 9.977 GC heap before
{Heap before GC invocations=47 (full 3):
 PSYoungGen      total 16896K, used 16096K [0x00000000eab00000, 0x00000000ebc80000, 0x0000000100000000)
  eden space 15872K, 100% used [0x00000000eab00000,0x00000000eba80000,0x00000000eba80000)
  from space 1024K, 21% used [0x00000000ebb00000,0x00000000ebb38000,0x00000000ebc00000)
  to   space 512K, 0% used [0x00000000ebc00000,0x00000000ebc00000,0x00000000ebc80000)
 ParOldGen       total 68608K, used 41006K [0x00000000c0000000, 0x00000000c4300000, 0x00000000eab00000)
  object space 68608K, 59% used [0x00000000c0000000,0x00000000c280ba58,0x00000000c4300000)
 Metaspace       used 60793K, committed 62208K, reserved 1114112K
  class space    used 7447K, committed 8064K, reserved 1048576K
}
Event: 9.978 GC heap after
{Heap after GC invocations=47 (full 3):
 PSYoungGen      total 15872K, used 503K [0x00000000eab00000, 0x00000000ebe80000, 0x0000000100000000)
  eden space 15360K, 0% used [0x00000000eab00000,0x00000000eab00000,0x00000000eba00000)
  from space 512K, 98% used [0x00000000ebc00000,0x00000000ebc7dc80,0x00000000ebc80000)
  to   space 2048K, 0% used [0x00000000eba00000,0x00000000eba00000,0x00000000ebc00000)
 ParOldGen       total 68608K, used 41855K [0x00000000c0000000, 0x00000000c4300000, 0x00000000eab00000)
  object space 68608K, 61% used [0x00000000c0000000,0x00000000c28dfcb0,0x00000000c4300000)
 Metaspace       used 60793K, committed 62208K, reserved 1114112K
  class space    used 7447K, committed 8064K, reserved 1048576K
}
Event: 10.067 GC heap before
{Heap before GC invocations=48 (full 3):
 PSYoungGen      total 15872K, used 15863K [0x00000000eab00000, 0x00000000ebe80000, 0x0000000100000000)
  eden space 15360K, 100% used [0x00000000eab00000,0x00000000eba00000,0x00000000eba00000)
  from space 512K, 98% used [0x00000000ebc00000,0x00000000ebc7dc80,0x00000000ebc80000)
  to   space 2048K, 0% used [0x00000000eba00000,0x00000000eba00000,0x00000000ebc00000)
 ParOldGen       total 68608K, used 41855K [0x00000000c0000000, 0x00000000c4300000, 0x00000000eab00000)
  object space 68608K, 61% used [0x00000000c0000000,0x00000000c28dfcb0,0x00000000c4300000)
 Metaspace       used 60793K, committed 62208K, reserved 1114112K
  class space    used 7447K, committed 8064K, reserved 1048576K
}
Event: 10.068 GC heap after
{Heap after GC invocations=48 (full 3):
 PSYoungGen      total 16384K, used 994K [0x00000000eab00000, 0x00000000ebd00000, 0x0000000100000000)
  eden space 15360K, 0% used [0x00000000eab00000,0x00000000eab00000,0x00000000eba00000)
  from space 1024K, 97% used [0x00000000eba00000,0x00000000ebaf8bb0,0x00000000ebb00000)
  to   space 1536K, 0% used [0x00000000ebb80000,0x00000000ebb80000,0x00000000ebd00000)
 ParOldGen       total 68608K, used 41911K [0x00000000c0000000, 0x00000000c4300000, 0x00000000eab00000)
  object space 68608K, 61% used [0x00000000c0000000,0x00000000c28edcb0,0x00000000c4300000)
 Metaspace       used 60793K, committed 62208K, reserved 1114112K
  class space    used 7447K, committed 8064K, reserved 1048576K
}
Event: 10.148 GC heap before
{Heap before GC invocations=49 (full 3):
 PSYoungGen      total 16384K, used 16354K [0x00000000eab00000, 0x00000000ebd00000, 0x0000000100000000)
  eden space 15360K, 99% used [0x00000000eab00000,0x00000000eb9fffd0,0x00000000eba00000)
  from space 1024K, 97% used [0x00000000eba00000,0x00000000ebaf8bb0,0x00000000ebb00000)
  to   space 1536K, 0% used [0x00000000ebb80000,0x00000000ebb80000,0x00000000ebd00000)
 ParOldGen       total 68608K, used 41911K [0x00000000c0000000, 0x00000000c4300000, 0x00000000eab00000)
  object space 68608K, 61% used [0x00000000c0000000,0x00000000c28edcb0,0x00000000c4300000)
 Metaspace       used 60793K, committed 62208K, reserved 1114112K
  class space    used 7447K, committed 8064K, reserved 1048576K
}
Event: 10.148 GC heap after
{Heap after GC invocations=49 (full 3):
 PSYoungGen      total 15872K, used 352K [0x00000000eab00000, 0x00000000ebc00000, 0x0000000100000000)
  eden space 15360K, 0% used [0x00000000eab00000,0x00000000eab00000,0x00000000eba00000)
  from space 512K, 68% used [0x00000000ebb80000,0x00000000ebbd8000,0x00000000ebc00000)
  to   space 1024K, 0% used [0x00000000eba00000,0x00000000eba00000,0x00000000ebb00000)
 ParOldGen       total 68608K, used 42093K [0x00000000c0000000, 0x00000000c4300000, 0x00000000eab00000)
  object space 68608K, 61% used [0x00000000c0000000,0x00000000c291b6d0,0x00000000c4300000)
 Metaspace       used 60793K, committed 62208K, reserved 1114112K
  class space    used 7447K, committed 8064K, reserved 1048576K
}
Event: 14.064 GC heap before
{Heap before GC invocations=50 (full 3):
 PSYoungGen      total 15872K, used 15709K [0x00000000eab00000, 0x00000000ebc00000, 0x0000000100000000)
  eden space 15360K, 99% used [0x00000000eab00000,0x00000000eb9ff6f0,0x00000000eba00000)
  from space 512K, 68% used [0x00000000ebb80000,0x00000000ebbd8000,0x00000000ebc00000)
  to   space 1024K, 0% used [0x00000000eba00000,0x00000000eba00000,0x00000000ebb00000)
 ParOldGen       total 68608K, used 42093K [0x00000000c0000000, 0x00000000c4300000, 0x00000000eab00000)
  object space 68608K, 61% used [0x00000000c0000000,0x00000000c291b6d0,0x00000000c4300000)
 Metaspace       used 62572K, committed 64000K, reserved 1114112K
  class space    used 7688K, committed 8320K, reserved 1048576K
}
Event: 14.066 GC heap after
{Heap after GC invocations=50 (full 3):
 PSYoungGen      total 16384K, used 1021K [0x00000000eab00000, 0x00000000ebd00000, 0x0000000100000000)
  eden space 15360K, 0% used [0x00000000eab00000,0x00000000eab00000,0x00000000eba00000)
  from space 1024K, 99% used [0x00000000eba00000,0x00000000ebaff740,0x00000000ebb00000)
  to   space 1536K, 0% used [0x00000000ebb80000,0x00000000ebb80000,0x00000000ebd00000)
 ParOldGen       total 68608K, used 42165K [0x00000000c0000000, 0x00000000c4300000, 0x00000000eab00000)
  object space 68608K, 61% used [0x00000000c0000000,0x00000000c292d6e0,0x00000000c4300000)
 Metaspace       used 62572K, committed 64000K, reserved 1114112K
  class space    used 7688K, committed 8320K, reserved 1048576K
}
Event: 15.149 GC heap before
{Heap before GC invocations=51 (full 3):
 PSYoungGen      total 16384K, used 16381K [0x00000000eab00000, 0x00000000ebd00000, 0x0000000100000000)
  eden space 15360K, 100% used [0x00000000eab00000,0x00000000eba00000,0x00000000eba00000)
  from space 1024K, 99% used [0x00000000eba00000,0x00000000ebaff740,0x00000000ebb00000)
  to   space 1536K, 0% used [0x00000000ebb80000,0x00000000ebb80000,0x00000000ebd00000)
 ParOldGen       total 68608K, used 42165K [0x00000000c0000000, 0x00000000c4300000, 0x00000000eab00000)
  object space 68608K, 61% used [0x00000000c0000000,0x00000000c292d6e0,0x00000000c4300000)
 Metaspace       used 63538K, committed 64960K, reserved 1114112K
  class space    used 7805K, committed 8448K, reserved 1048576K
}
Event: 15.151 GC heap after
{Heap after GC invocations=51 (full 3):
 PSYoungGen      total 16896K, used 997K [0x00000000eab00000, 0x00000000ebd00000, 0x0000000100000000)
  eden space 15360K, 0% used [0x00000000eab00000,0x00000000eab00000,0x00000000eba00000)
  from space 1536K, 64% used [0x00000000ebb80000,0x00000000ebc795e0,0x00000000ebd00000)
  to   space 1536K, 0% used [0x00000000eba00000,0x00000000eba00000,0x00000000ebb80000)
 ParOldGen       total 68608K, used 42929K [0x00000000c0000000, 0x00000000c4300000, 0x00000000eab00000)
  object space 68608K, 62% used [0x00000000c0000000,0x00000000c29ec700,0x00000000c4300000)
 Metaspace       used 63538K, committed 64960K, reserved 1114112K
  class space    used 7805K, committed 8448K, reserved 1048576K
}

