# JRE version: OpenJDK Runtime Environment Temurin-21.0.5+11 (21.0.5+11) (build 21.0.5+11-LTS)
# Java VM: OpenJDK 64-Bit Server VM Temurin-21.0.5+11 (21.0.5+11-LTS, mixed mode, sharing, tiered, compressed oops, compressed class ptrs, parallel gc, windows-amd64)
GC Precious Log:
 CardTable entry size: 512
 CPUs: 16 total, 16 available
 Memory: 16110M
 Large Page Support: Disabled
 NUMA Support: Disabled
 Compressed Oops: Enabled (32-bit)
 Alignments: Space 512K, Generation 512K, Heap 2M
 Heap Min Capacity: 100M
 Heap Initial Capacity: 100M
 Heap Max Capacity: 1G
 Pre-touch: Disabled
 Parallel Workers: 13
Heap:
 PSYoungGen      total 24064K, used 17937K [0x00000000eab00000, 0x00000000ec780000, 0x0000000100000000)
  eden space 22016K, 74% used [0x00000000eab00000,0x00000000ebb04640,0x00000000ec080000)
  from space 2048K, 75% used [0x00000000ec580000,0x00000000ec705000,0x00000000ec780000)
  to   space 2048K, 0% used [0x00000000ec380000,0x00000000ec380000,0x00000000ec580000)
 ParOldGen       total 68608K, used 18409K [0x00000000c0000000, 0x00000000c4300000, 0x00000000eab00000)
  object space 68608K, 26% used [0x00000000c0000000,0x00000000c11fa548,0x00000000c4300000)
 Metaspace       used 39510K, committed 40640K, reserved 1114112K
  class space    used 4120K, committed 4608K, reserved 1048576K
GC Heap History (20 events):
Event: 1.862 GC heap before
{Heap before GC invocations=7 (full 0):
 PSYoungGen      total 30208K, used 21409K [0x00000000eab00000, 0x00000000ecf00000, 0x0000000100000000)
  eden space 24576K, 65% used [0x00000000eab00000,0x00000000ebad4df0,0x00000000ec300000)
  from space 5632K, 92% used [0x00000000ec980000,0x00000000ece936b8,0x00000000ecf00000)
  to   space 5632K, 0% used [0x00000000ec400000,0x00000000ec400000,0x00000000ec980000)
 ParOldGen       total 68608K, used 8974K [0x00000000c0000000, 0x00000000c4300000, 0x00000000eab00000)
  object space 68608K, 13% used [0x00000000c0000000,0x00000000c08c3a60,0x00000000c4300000)
 Metaspace       used 20690K, committed 21504K, reserved 1114112K
  class space    used 2075K, committed 2432K, reserved 1048576K
}
Event: 1.865 GC heap after
{Heap after GC invocations=7 (full 0):
 PSYoungGen      total 29184K, used 4596K [0x00000000eab00000, 0x00000000ecd00000, 0x0000000100000000)
  eden space 24576K, 0% used [0x00000000eab00000,0x00000000eab00000,0x00000000ec300000)
  from space 4608K, 99% used [0x00000000ec400000,0x00000000ec87d240,0x00000000ec880000)
  to   space 4608K, 0% used [0x00000000ec880000,0x00000000ec880000,0x00000000ecd00000)
 ParOldGen       total 68608K, used 10374K [0x00000000c0000000, 0x00000000c4300000, 0x00000000eab00000)
  object space 68608K, 15% used [0x00000000c0000000,0x00000000c0a21a00,0x00000000c4300000)
 Metaspace       used 20690K, committed 21504K, reserved 1114112K
  class space    used 2075K, committed 2432K, reserved 1048576K
}
Event: 1.865 GC heap before
{Heap before GC invocations=8 (full 1):
 PSYoungGen      total 29184K, used 4596K [0x00000000eab00000, 0x00000000ecd00000, 0x0000000100000000)
  eden space 24576K, 0% used [0x00000000eab00000,0x00000000eab00000,0x00000000ec300000)
  from space 4608K, 99% used [0x00000000ec400000,0x00000000ec87d240,0x00000000ec880000)
  to   space 4608K, 0% used [0x00000000ec880000,0x00000000ec880000,0x00000000ecd00000)
 ParOldGen       total 68608K, used 10374K [0x00000000c0000000, 0x00000000c4300000, 0x00000000eab00000)
  object space 68608K, 15% used [0x00000000c0000000,0x00000000c0a21a00,0x00000000c4300000)
 Metaspace       used 20690K, committed 21504K, reserved 1114112K
  class space    used 2075K, committed 2432K, reserved 1048576K
}
Event: 1.886 GC heap after
{Heap after GC invocations=8 (full 1):
 PSYoungGen      total 29184K, used 0K [0x00000000eab00000, 0x00000000ecd00000, 0x0000000100000000)
  eden space 24576K, 0% used [0x00000000eab00000,0x00000000eab00000,0x00000000ec300000)
  from space 4608K, 0% used [0x00000000ec400000,0x00000000ec400000,0x00000000ec880000)
  to   space 4608K, 0% used [0x00000000ec880000,0x00000000ec880000,0x00000000ecd00000)
 ParOldGen       total 68608K, used 13216K [0x00000000c0000000, 0x00000000c4300000, 0x00000000eab00000)
  object space 68608K, 19% used [0x00000000c0000000,0x00000000c0ce8078,0x00000000c4300000)
 Metaspace       used 20677K, committed 21504K, reserved 1114112K
  class space    used 2072K, committed 2432K, reserved 1048576K
}
Event: 2.020 GC heap before
{Heap before GC invocations=9 (full 1):
 PSYoungGen      total 29184K, used 24576K [0x00000000eab00000, 0x00000000ecd00000, 0x0000000100000000)
  eden space 24576K, 100% used [0x00000000eab00000,0x00000000ec300000,0x00000000ec300000)
  from space 4608K, 0% used [0x00000000ec400000,0x00000000ec400000,0x00000000ec880000)
  to   space 4608K, 0% used [0x00000000ec880000,0x00000000ec880000,0x00000000ecd00000)
 ParOldGen       total 68608K, used 13216K [0x00000000c0000000, 0x00000000c4300000, 0x00000000eab00000)
  object space 68608K, 19% used [0x00000000c0000000,0x00000000c0ce8078,0x00000000c4300000)
 Metaspace       used 23464K, committed 24320K, reserved 1114112K
  class space    used 2244K, committed 2624K, reserved 1048576K
}
Event: 2.021 GC heap after
{Heap after GC invocations=9 (full 1):
 PSYoungGen      total 24576K, used 453K [0x00000000eab00000, 0x00000000ec900000, 0x0000000100000000)
  eden space 24064K, 0% used [0x00000000eab00000,0x00000000eab00000,0x00000000ec280000)
  from space 512K, 88% used [0x00000000ec880000,0x00000000ec8f1400,0x00000000ec900000)
  to   space 2048K, 0% used [0x00000000ec500000,0x00000000ec500000,0x00000000ec700000)
 ParOldGen       total 68608K, used 13224K [0x00000000c0000000, 0x00000000c4300000, 0x00000000eab00000)
  object space 68608K, 19% used [0x00000000c0000000,0x00000000c0cea078,0x00000000c4300000)
 Metaspace       used 23464K, committed 24320K, reserved 1114112K
  class space    used 2244K, committed 2624K, reserved 1048576K
}
Event: 3.159 GC heap before
{Heap before GC invocations=10 (full 1):
 PSYoungGen      total 24576K, used 24517K [0x00000000eab00000, 0x00000000ec900000, 0x0000000100000000)
  eden space 24064K, 100% used [0x00000000eab00000,0x00000000ec280000,0x00000000ec280000)
  from space 512K, 88% used [0x00000000ec880000,0x00000000ec8f1400,0x00000000ec900000)
  to   space 2048K, 0% used [0x00000000ec500000,0x00000000ec500000,0x00000000ec700000)
 ParOldGen       total 68608K, used 13224K [0x00000000c0000000, 0x00000000c4300000, 0x00000000eab00000)
  object space 68608K, 19% used [0x00000000c0000000,0x00000000c0cea078,0x00000000c4300000)
 Metaspace       used 26600K, committed 27520K, reserved 1114112K
  class space    used 2522K, committed 2944K, reserved 1048576K
}
Event: 3.161 GC heap after
{Heap after GC invocations=10 (full 1):
 PSYoungGen      total 25600K, used 1967K [0x00000000eab00000, 0x00000000ec900000, 0x0000000100000000)
  eden space 23552K, 0% used [0x00000000eab00000,0x00000000eab00000,0x00000000ec200000)
  from space 2048K, 96% used [0x00000000ec500000,0x00000000ec6ebe98,0x00000000ec700000)
  to   space 2048K, 0% used [0x00000000ec700000,0x00000000ec700000,0x00000000ec900000)
 ParOldGen       total 68608K, used 14013K [0x00000000c0000000, 0x00000000c4300000, 0x00000000eab00000)
  object space 68608K, 20% used [0x00000000c0000000,0x00000000c0daf588,0x00000000c4300000)
 Metaspace       used 26600K, committed 27520K, reserved 1114112K
  class space    used 2522K, committed 2944K, reserved 1048576K
}
Event: 3.246 GC heap before
{Heap before GC invocations=11 (full 1):
 PSYoungGen      total 25600K, used 25519K [0x00000000eab00000, 0x00000000ec900000, 0x0000000100000000)
  eden space 23552K, 100% used [0x00000000eab00000,0x00000000ec200000,0x00000000ec200000)
  from space 2048K, 96% used [0x00000000ec500000,0x00000000ec6ebe98,0x00000000ec700000)
  to   space 2048K, 0% used [0x00000000ec700000,0x00000000ec700000,0x00000000ec900000)
 ParOldGen       total 68608K, used 14013K [0x00000000c0000000, 0x00000000c4300000, 0x00000000eab00000)
  object space 68608K, 20% used [0x00000000c0000000,0x00000000c0daf588,0x00000000c4300000)
 Metaspace       used 28185K, committed 29184K, reserved 1114112K
  class space    used 2689K, committed 3136K, reserved 1048576K
}
Event: 3.247 GC heap after
{Heap after GC invocations=11 (full 1):
 PSYoungGen      total 25088K, used 1873K [0x00000000eab00000, 0x00000000ec900000, 0x0000000100000000)
  eden space 23040K, 0% used [0x00000000eab00000,0x00000000eab00000,0x00000000ec180000)
  from space 2048K, 91% used [0x00000000ec700000,0x00000000ec8d4658,0x00000000ec900000)
  to   space 2048K, 0% used [0x00000000ec500000,0x00000000ec500000,0x00000000ec700000)
 ParOldGen       total 68608K, used 14277K [0x00000000c0000000, 0x00000000c4300000, 0x00000000eab00000)
  object space 68608K, 20% used [0x00000000c0000000,0x00000000c0df15a8,0x00000000c4300000)
 Metaspace       used 28185K, committed 29184K, reserved 1114112K
  class space    used 2689K, committed 3136K, reserved 1048576K
}
Event: 3.418 GC heap before
{Heap before GC invocations=12 (full 1):
 PSYoungGen      total 25088K, used 24913K [0x00000000eab00000, 0x00000000ec900000, 0x0000000100000000)
  eden space 23040K, 100% used [0x00000000eab00000,0x00000000ec180000,0x00000000ec180000)
  from space 2048K, 91% used [0x00000000ec700000,0x00000000ec8d4658,0x00000000ec900000)
  to   space 2048K, 0% used [0x00000000ec500000,0x00000000ec500000,0x00000000ec700000)
 ParOldGen       total 68608K, used 14277K [0x00000000c0000000, 0x00000000c4300000, 0x00000000eab00000)
  object space 68608K, 20% used [0x00000000c0000000,0x00000000c0df15a8,0x00000000c4300000)
 Metaspace       used 31411K, committed 32384K, reserved 1114112K
  class space    used 3074K, committed 3456K, reserved 1048576K
}
Event: 3.421 GC heap after
{Heap after GC invocations=12 (full 1):
 PSYoungGen      total 24576K, used 1711K [0x00000000eab00000, 0x00000000ec780000, 0x0000000100000000)
  eden space 22528K, 0% used [0x00000000eab00000,0x00000000eab00000,0x00000000ec100000)
  from space 2048K, 83% used [0x00000000ec500000,0x00000000ec6abcb8,0x00000000ec700000)
  to   space 512K, 0% used [0x00000000ec700000,0x00000000ec700000,0x00000000ec780000)
 ParOldGen       total 68608K, used 15782K [0x00000000c0000000, 0x00000000c4300000, 0x00000000eab00000)
  object space 68608K, 23% used [0x00000000c0000000,0x00000000c0f69b90,0x00000000c4300000)
 Metaspace       used 31411K, committed 32384K, reserved 1114112K
  class space    used 3074K, committed 3456K, reserved 1048576K
}
Event: 6.785 GC heap before
{Heap before GC invocations=13 (full 1):
 PSYoungGen      total 24576K, used 24239K [0x00000000eab00000, 0x00000000ec780000, 0x0000000100000000)
  eden space 22528K, 100% used [0x00000000eab00000,0x00000000ec100000,0x00000000ec100000)
  from space 2048K, 83% used [0x00000000ec500000,0x00000000ec6abcb8,0x00000000ec700000)
  to   space 512K, 0% used [0x00000000ec700000,0x00000000ec700000,0x00000000ec780000)
 ParOldGen       total 68608K, used 15782K [0x00000000c0000000, 0x00000000c4300000, 0x00000000eab00000)
  object space 68608K, 23% used [0x00000000c0000000,0x00000000c0f69b90,0x00000000c4300000)
 Metaspace       used 33408K, committed 34432K, reserved 1114112K
  class space    used 3301K, committed 3712K, reserved 1048576K
}
Event: 6.788 GC heap after
{Heap after GC invocations=13 (full 1):
 PSYoungGen      total 22528K, used 507K [0x00000000eab00000, 0x00000000ec780000, 0x0000000100000000)
  eden space 22016K, 0% used [0x00000000eab00000,0x00000000eab00000,0x00000000ec080000)
  from space 512K, 99% used [0x00000000ec700000,0x00000000ec77ee38,0x00000000ec780000)
  to   space 3072K, 0% used [0x00000000ec180000,0x00000000ec180000,0x00000000ec480000)
 ParOldGen       total 68608K, used 17932K [0x00000000c0000000, 0x00000000c4300000, 0x00000000eab00000)
  object space 68608K, 26% used [0x00000000c0000000,0x00000000c1183200,0x00000000c4300000)
 Metaspace       used 33408K, committed 34432K, reserved 1114112K
  class space    used 3301K, committed 3712K, reserved 1048576K
}
Event: 6.874 GC heap before
{Heap before GC invocations=14 (full 1):
 PSYoungGen      total 22528K, used 16008K [0x00000000eab00000, 0x00000000ec780000, 0x0000000100000000)
  eden space 22016K, 70% used [0x00000000eab00000,0x00000000eba232f8,0x00000000ec080000)
  from space 512K, 99% used [0x00000000ec700000,0x00000000ec77ee38,0x00000000ec780000)
  to   space 3072K, 0% used [0x00000000ec180000,0x00000000ec180000,0x00000000ec480000)
 ParOldGen       total 68608K, used 17932K [0x00000000c0000000, 0x00000000c4300000, 0x00000000eab00000)
  object space 68608K, 26% used [0x00000000c0000000,0x00000000c1183200,0x00000000c4300000)
 Metaspace       used 34836K, committed 35840K, reserved 1114112K
  class space    used 3495K, committed 3904K, reserved 1048576K
}
Event: 6.875 GC heap after
{Heap after GC invocations=14 (full 1):
 PSYoungGen      total 25088K, used 1656K [0x00000000eab00000, 0x00000000ec780000, 0x0000000100000000)
  eden space 22016K, 0% used [0x00000000eab00000,0x00000000eab00000,0x00000000ec080000)
  from space 3072K, 53% used [0x00000000ec180000,0x00000000ec31e078,0x00000000ec480000)
  to   space 2048K, 0% used [0x00000000ec580000,0x00000000ec580000,0x00000000ec780000)
 ParOldGen       total 68608K, used 18296K [0x00000000c0000000, 0x00000000c4300000, 0x00000000eab00000)
  object space 68608K, 26% used [0x00000000c0000000,0x00000000c11de1e8,0x00000000c4300000)
 Metaspace       used 34836K, committed 35840K, reserved 1114112K
  class space    used 3495K, committed 3904K, reserved 1048576K
}
Event: 6.875 GC heap before
{Heap before GC invocations=15 (full 2):
 PSYoungGen      total 25088K, used 1656K [0x00000000eab00000, 0x00000000ec780000, 0x0000000100000000)
  eden space 22016K, 0% used [0x00000000eab00000,0x00000000eab00000,0x00000000ec080000)
  from space 3072K, 53% used [0x00000000ec180000,0x00000000ec31e078,0x00000000ec480000)
  to   space 2048K, 0% used [0x00000000ec580000,0x00000000ec580000,0x00000000ec780000)
 ParOldGen       total 68608K, used 18296K [0x00000000c0000000, 0x00000000c4300000, 0x00000000eab00000)
  object space 68608K, 26% used [0x00000000c0000000,0x00000000c11de1e8,0x00000000c4300000)
 Metaspace       used 34836K, committed 35840K, reserved 1114112K
  class space    used 3495K, committed 3904K, reserved 1048576K
}
Event: 6.898 GC heap after
{Heap after GC invocations=15 (full 2):
 PSYoungGen      total 25088K, used 0K [0x00000000eab00000, 0x00000000ec780000, 0x0000000100000000)
  eden space 22016K, 0% used [0x00000000eab00000,0x00000000eab00000,0x00000000ec080000)
  from space 3072K, 0% used [0x00000000ec180000,0x00000000ec180000,0x00000000ec480000)
  to   space 2048K, 0% used [0x00000000ec580000,0x00000000ec580000,0x00000000ec780000)
 ParOldGen       total 68608K, used 18401K [0x00000000c0000000, 0x00000000c4300000, 0x00000000eab00000)
  object space 68608K, 26% used [0x00000000c0000000,0x00000000c11f8548,0x00000000c4300000)
 Metaspace       used 34836K, committed 35840K, reserved 1114112K
  class space    used 3495K, committed 3904K, reserved 1048576K
}
Event: 7.993 GC heap before
{Heap before GC invocations=16 (full 2):
 PSYoungGen      total 25088K, used 22016K [0x00000000eab00000, 0x00000000ec780000, 0x0000000100000000)
  eden space 22016K, 100% used [0x00000000eab00000,0x00000000ec080000,0x00000000ec080000)
  from space 3072K, 0% used [0x00000000ec180000,0x00000000ec180000,0x00000000ec480000)
  to   space 2048K, 0% used [0x00000000ec580000,0x00000000ec580000,0x00000000ec780000)
 ParOldGen       total 68608K, used 18401K [0x00000000c0000000, 0x00000000c4300000, 0x00000000eab00000)
  object space 68608K, 26% used [0x00000000c0000000,0x00000000c11f8548,0x00000000c4300000)
 Metaspace       used 37560K, committed 38656K, reserved 1114112K
  class space    used 3851K, committed 4288K, reserved 1048576K
}
Event: 7.994 GC heap after
{Heap after GC invocations=16 (full 2):
 PSYoungGen      total 24064K, used 1556K [0x00000000eab00000, 0x00000000ec780000, 0x0000000100000000)
  eden space 22016K, 0% used [0x00000000eab00000,0x00000000eab00000,0x00000000ec080000)
  from space 2048K, 75% used [0x00000000ec580000,0x00000000ec705000,0x00000000ec780000)
  to   space 2048K, 0% used [0x00000000ec380000,0x00000000ec380000,0x00000000ec580000)
 ParOldGen       total 68608K, used 18409K [0x00000000c0000000, 0x00000000c4300000, 0x00000000eab00000)
  object space 68608K, 26% used [0x00000000c0000000,0x00000000c11fa548,0x00000000c4300000)
 Metaspace       used 37560K, committed 38656K, reserved 1114112K
  class space    used 3851K, committed 4288K, reserved 1048576K
}

